2024-11-27 14:51:09,760 - ecrf_backend - INFO - Its here.
2024-11-27 14:51:09,765 - ecrf_backend - INFO - Application has started.
2024-11-27 14:51:30,323 - ecrf_backend - INFO - Login attempt for username: admin
2024-11-27 14:51:30,324 - ecrf_backend - DEBUG - Fetching user by username: admin
2024-11-27 14:51:30,335 - ecrf_backend - DEBUG - Stored password for admin: $2b$12$lH.1hjeB64bm6Dk8yZi3/.DqFHUSsPYT2rRQGpFmBDI0xkeR6USQO
2024-11-27 14:51:30,335 - ecrf_backend - DEBUG - Password entered: Admin123!
2024-11-27 14:51:30,546 - ecrf_backend - INFO - User admin logged in successfully.
2024-11-27 14:51:30,556 - ecrf_backend - DEBUG - Fetching user by username: admin
2024-11-27 14:53:52,403 - ecrf_backend - DEBUG - Fetching user by username: admin
2024-11-27 14:54:14,378 - ecrf_backend - INFO - Login attempt for username: admin
2024-11-27 14:54:14,379 - ecrf_backend - DEBUG - Fetching user by username: admin
2024-11-27 14:54:14,381 - ecrf_backend - DEBUG - Stored password for admin: $2b$12$lH.1hjeB64bm6Dk8yZi3/.DqFHUSsPYT2rRQGpFmBDI0xkeR6USQO
2024-11-27 14:54:14,381 - ecrf_backend - DEBUG - Password entered: Admin123!
2024-11-27 14:54:14,601 - ecrf_backend - INFO - User admin logged in successfully.
2024-11-27 14:54:14,607 - ecrf_backend - DEBUG - Fetching user by username: admin
2024-11-27 14:54:56,826 - ecrf_backend - INFO - Login attempt for username: johndoe
2024-11-27 14:54:56,827 - ecrf_backend - DEBUG - Fetching user by username: johndoe
2024-11-27 14:54:56,829 - ecrf_backend - DEBUG - Stored password for johndoe: $2b$12$Qu3Y/0gDlH.L/sWnTKgBTe3Pq1ZwSO8VAXsfhelZMTc/SshVtPfCW
2024-11-27 14:54:56,829 - ecrf_backend - DEBUG - Password entered: Password123!
2024-11-27 14:54:57,048 - ecrf_backend - INFO - User johndoe logged in successfully.
2024-11-27 14:54:57,054 - ecrf_backend - DEBUG - Fetching user by username: johndoe
2024-11-27 15:11:52,352 - ecrf_backend - INFO - Login attempt for username: admin
2024-11-27 15:11:52,353 - ecrf_backend - DEBUG - Fetching user by username: admin
2024-11-27 15:11:52,360 - ecrf_backend - DEBUG - Stored password for admin: $2b$12$lH.1hjeB64bm6Dk8yZi3/.DqFHUSsPYT2rRQGpFmBDI0xkeR6USQO
2024-11-27 15:11:52,360 - ecrf_backend - DEBUG - Password entered: Admin123!
2024-11-27 15:11:52,565 - ecrf_backend - INFO - User admin logged in successfully.
2024-11-27 15:11:52,571 - ecrf_backend - DEBUG - Fetching user by username: admin
2024-11-27 16:08:17,359 - ecrf_backend - INFO - Application has stopped.
